<?xml version="1.0" encoding="UTF-8"?>
<!-- Generated by org.testng.reporters.JUnitReportReporter -->
<testsuite hostname="DESKTOP-CN90M96" name="org.sample.Sample" tests="5" failures="0" timestamp="16 Dec 2024 05:00:03 GMT" time="0.011" errors="0">
  <testcase name="test3" time="0.001" classname="org.sample.Sample"/>
  <testcase name="aass" time="0.000" classname="org.sample.Sample"/>
  <testcase name="test2" time="0.003" classname="org.sample.Sample"/>
  <testcase name="test" time="0.000" classname="org.sample.Sample"/>
  <testcase name="test1" time="0.007" classname="org.sample.Sample"/>
</testsuite> <!-- org.sample.Sample -->
