<?xml version="1.0" encoding="UTF-8"?>
<!-- Generated by org.testng.reporters.JUnitReportReporter -->
<testsuite hostname="DESKTOP-CN90M96" name="org.test.Parameters" tests="3" failures="0" timestamp="21 Dec 2024 04:27:28 GMT" time="36.341" errors="0">
  <testcase name="test" time="10.538" classname="org.test.Parameters"/>
  <testcase name="test" time="12.886" classname="org.test.Parameters"/>
  <testcase name="test" time="12.917" classname="org.test.Parameters"/>
</testsuite> <!-- org.test.Parameters -->
