<?xml version="1.0" encoding="UTF-8"?>
<!-- Generated by org.testng.reporters.JUnitReportReporter -->
<testsuite hostname="DESKTOP-CN90M96" name="org.test.DataDrivenn" tests="1" failures="0" timestamp="22 Dec 2024 17:26:08 GMT" time="0.571" errors="0">
  <testcase name="test" time="0.571" classname="org.test.DataDrivenn"/>
</testsuite> <!-- org.test.DataDrivenn -->
