<?xml version="1.0" encoding="UTF-8"?>
<!-- Generated by org.testng.reporters.JUnitReportReporter -->
<testsuite hostname="DESKTOP-CN90M96" name="org.test.B" tests="3" failures="0" timestamp="24 Dec 2024 11:05:40 GMT" time="0.003" errors="0">
  <testcase name="test6" time="0.001" classname="org.test.B"/>
  <testcase name="test4" time="0.001" classname="org.test.B"/>
  <testcase name="test7" time="0.001" classname="org.test.B"/>
</testsuite> <!-- org.test.B -->
