<?xml version="1.0" encoding="UTF-8"?>
<!-- Generated by org.testng.reporters.JUnitReportReporter -->
<testsuite hostname="DESKTOP-CN90M96" name="org.newpack.NewTest" tests="3" failures="0" timestamp="16 Dec 2024 05:03:57 GMT" time="0.015" errors="0">
  <testcase name="testMethod" time="0.003" classname="org.newpack.NewTest"/>
  <testcase name="testMethod1" time="0.001" classname="org.newpack.NewTest"/>
  <testcase name="testMethod" time="0.011" classname="org.newpack.NewTest"/>
</testsuite> <!-- org.newpack.NewTest -->
