<?xml version="1.0" encoding="UTF-8"?>
<!-- Generated by org.testng.reporters.JUnitReportReporter -->
<testsuite hostname="DESKTOP-CN90M96" name="org.data.A" tests="6" failures="0" timestamp="18 Dec 2024 09:02:21 GMT" time="0.014" errors="0">
  <testcase name="textA1" time="0.001" classname="org.data.A"/>
  <testcase name="textA3" time="0.001" classname="org.data.A"/>
  <testcase name="textA1" time="0.001" classname="org.data.A"/>
  <testcase name="textA1" time="0.009" classname="org.data.A"/>
  <testcase name="textA1" time="0.001" classname="org.data.A"/>
  <testcase name="textA2" time="0.001" classname="org.data.A"/>
</testsuite> <!-- org.data.A -->
